<?xml version="1.0" encoding="UTF-8"?>
<!-- Generated by org.testng.reporters.JUnitReportReporter -->
<testsuite hostname="LAPTOP-PHJLGDJ4" failures="0" tests="1" name="all_TestCases.LoginPageTestCases" time="7.342" errors="0" timestamp="2022-02-27T01:08:22 GMT" skipped="0">
  <testcase classname="all_TestCases.LoginPageTestCases" name="loginValidation" time="7.342"/>
  <system-out/>
</testsuite> <!-- all_TestCases.LoginPageTestCases -->
