<?xml version="1.0" encoding="UTF-8"?>
<!-- Generated by org.testng.reporters.JUnitReportReporter -->
<testsuite hostname="LAPTOP-PHJLGDJ4" failures="0" tests="1" name="testRunner.JunitTestRunner" time="76.162" errors="0" timestamp="2022-02-24T09:15:51 GMT" skipped="0">
  <testcase classname="testRunner.JunitTestRunner" name="feature" time="76.162"/>
  <system-out/>
</testsuite> <!-- testRunner.JunitTestRunner -->
