<?xml version="1.0" encoding="UTF-8"?>
<!-- Generated by org.testng.reporters.JUnitReportReporter -->
<testsuite skipped="0" hostname="LAPTOP-PHJLGDJ4" name="all_TestCases.LoginPageTestCases" tests="1" failures="0" timestamp="2022-02-27T01:21:39 GMT" time="7.847" errors="0">
  <testcase name="loginValidation" time="7.847" classname="all_TestCases.LoginPageTestCases"/>
  <system-out/>
</testsuite> <!-- all_TestCases.LoginPageTestCases -->
